  [1m[36m (0.1ms)[0m  [1mSELECT "schema_migrations"."version" FROM "schema_migrations" [0m
Migrating to CreateCategories (20120412114632)
Migrating to CreatePhotos (20120412114739)
Migrating to CreateProverbs (20120412114804)
Migrating to AddImageToPhotos (20120412125204)
Migrating to CreateArticles (20130919003352)
  [1m[35m (19.2ms)[0m  select sqlite_version(*)
  [1m[36m (0.1ms)[0m  [1mbegin transaction[0m
  [1m[35m (0.4ms)[0m  CREATE TABLE "articles" ("id" INTEGER PRIMARY KEY AUTOINCREMENT NOT NULL, "title" varchar(255), "content" text, "category_id" integer, "active" boolean, "created_at" datetime NOT NULL, "updated_at" datetime NOT NULL) 
  [1m[36m (0.1ms)[0m  [1mINSERT INTO "schema_migrations" ("version") VALUES ('20130919003352')[0m
  [1m[35m (2.1ms)[0m  commit transaction
  [1m[36m (0.3ms)[0m  [1mselect sqlite_version(*)[0m
  [1m[35m (0.1ms)[0m  SELECT "schema_migrations"."version" FROM "schema_migrations" 
  [1m[36m (0.0ms)[0m  [1mPRAGMA index_list("articles")[0m
  [1m[35m (0.0ms)[0m  PRAGMA index_list("categories")
  [1m[36m (0.0ms)[0m  [1mPRAGMA index_list("photos")[0m
  [1m[35m (0.0ms)[0m  PRAGMA index_list("proverbs")


Started GET "/articles" for 127.0.0.1 at 2013-09-18 22:08:31 -0400

ActionController::RoutingError (No route matches [GET] "/articles"):
  actionpack (3.2.1) lib/action_dispatch/middleware/debug_exceptions.rb:21:in `call'
  actionpack (3.2.1) lib/action_dispatch/middleware/show_exceptions.rb:56:in `call'
  railties (3.2.1) lib/rails/rack/logger.rb:26:in `call_app'
  railties (3.2.1) lib/rails/rack/logger.rb:16:in `call'
  actionpack (3.2.1) lib/action_dispatch/middleware/request_id.rb:22:in `call'
  rack (1.4.1) lib/rack/methodoverride.rb:21:in `call'
  rack (1.4.1) lib/rack/runtime.rb:17:in `call'
  activesupport (3.2.1) lib/active_support/cache/strategy/local_cache.rb:72:in `call'
  rack (1.4.1) lib/rack/lock.rb:15:in `call'
  actionpack (3.2.1) lib/action_dispatch/middleware/static.rb:53:in `call'
  railties (3.2.1) lib/rails/engine.rb:479:in `call'
  railties (3.2.1) lib/rails/application.rb:220:in `call'
  rack (1.4.1) lib/rack/content_length.rb:14:in `call'
  railties (3.2.1) lib/rails/rack/log_tailer.rb:14:in `call'
  rack (1.4.1) lib/rack/handler/webrick.rb:59:in `service'
  /Users/mbove/.rvm/rubies/ruby-1.9.3-p362/lib/ruby/1.9.1/webrick/httpserver.rb:138:in `service'
  /Users/mbove/.rvm/rubies/ruby-1.9.3-p362/lib/ruby/1.9.1/webrick/httpserver.rb:94:in `run'
  /Users/mbove/.rvm/rubies/ruby-1.9.3-p362/lib/ruby/1.9.1/webrick/server.rb:191:in `block in start_thread'


  Rendered /Users/mbove/.rvm/gems/ruby-1.9.3-p362/gems/actionpack-3.2.1/lib/action_dispatch/middleware/templates/rescues/routing_error.erb within rescues/layout (2.0ms)


Started GET "/articles" for 127.0.0.1 at 2013-09-18 22:08:34 -0400

ActionController::RoutingError (No route matches [GET] "/articles"):
  actionpack (3.2.1) lib/action_dispatch/middleware/debug_exceptions.rb:21:in `call'
  actionpack (3.2.1) lib/action_dispatch/middleware/show_exceptions.rb:56:in `call'
  railties (3.2.1) lib/rails/rack/logger.rb:26:in `call_app'
  railties (3.2.1) lib/rails/rack/logger.rb:16:in `call'
  actionpack (3.2.1) lib/action_dispatch/middleware/request_id.rb:22:in `call'
  rack (1.4.1) lib/rack/methodoverride.rb:21:in `call'
  rack (1.4.1) lib/rack/runtime.rb:17:in `call'
  activesupport (3.2.1) lib/active_support/cache/strategy/local_cache.rb:72:in `call'
  rack (1.4.1) lib/rack/lock.rb:15:in `call'
  actionpack (3.2.1) lib/action_dispatch/middleware/static.rb:53:in `call'
  railties (3.2.1) lib/rails/engine.rb:479:in `call'
  railties (3.2.1) lib/rails/application.rb:220:in `call'
  rack (1.4.1) lib/rack/content_length.rb:14:in `call'
  railties (3.2.1) lib/rails/rack/log_tailer.rb:14:in `call'
  rack (1.4.1) lib/rack/handler/webrick.rb:59:in `service'
  /Users/mbove/.rvm/rubies/ruby-1.9.3-p362/lib/ruby/1.9.1/webrick/httpserver.rb:138:in `service'
  /Users/mbove/.rvm/rubies/ruby-1.9.3-p362/lib/ruby/1.9.1/webrick/httpserver.rb:94:in `run'
  /Users/mbove/.rvm/rubies/ruby-1.9.3-p362/lib/ruby/1.9.1/webrick/server.rb:191:in `block in start_thread'


  Rendered /Users/mbove/.rvm/gems/ruby-1.9.3-p362/gems/actionpack-3.2.1/lib/action_dispatch/middleware/templates/rescues/routing_error.erb within rescues/layout (0.5ms)


Started GET "/articles" for 127.0.0.1 at 2013-09-18 22:08:56 -0400
Processing by ArticlesController#index as HTML
  [1m[36mArticle Load (0.2ms)[0m  [1mSELECT "articles".* FROM "articles" ORDER BY title LIMIT 10 OFFSET 0[0m
  Rendered articles/index.html.erb within layouts/application (2.3ms)
  Rendered partials/_footer.html.erb (0.9ms)
Completed 200 OK in 48ms (Views: 46.3ms | ActiveRecord: 0.2ms)


Started GET "/articles/new" for 127.0.0.1 at 2013-09-18 22:08:59 -0400
Processing by ArticlesController#new as HTML
  [1m[35mCategory Load (0.1ms)[0m  SELECT "categories".* FROM "categories" WHERE (active = 't') ORDER BY name
  Rendered articles/_form.html.erb (338.2ms)
  Rendered articles/new.html.erb within layouts/application (339.5ms)
  Rendered partials/_footer.html.erb (0.2ms)
Completed 200 OK in 352ms (Views: 344.0ms | ActiveRecord: 0.3ms)


Started POST "/articles" for 127.0.0.1 at 2013-09-18 22:09:16 -0400
Processing by ArticlesController#create as HTML
  Parameters: {"utf8"=>"✓", "authenticity_token"=>"/cpwN1x9TuZBZfj6P5RDeTpKOhPBhtZLEExM4GWxatM=", "article"=>{"title"=>"First", "content"=>"Contefjdfl;'asdkfl;'asdfkl;'asdf", "category_id"=>"7", "active"=>"0"}, "commit"=>"Create Article"}
  [1m[36m (0.1ms)[0m  [1mbegin transaction[0m
  [1m[35mSQL (17.2ms)[0m  INSERT INTO "articles" ("active", "category_id", "content", "created_at", "title", "updated_at") VALUES (?, ?, ?, ?, ?, ?)  [["active", false], ["category_id", 7], ["content", "Contefjdfl;'asdkfl;'asdfkl;'asdf"], ["created_at", Wed, 18 Sep 2013 22:09:16 EDT -04:00], ["title", "First"], ["updated_at", Wed, 18 Sep 2013 22:09:16 EDT -04:00]]
  [1m[36m (1.5ms)[0m  [1mcommit transaction[0m
Redirected to http://localhost:3000/articles/1
Completed 302 Found in 22ms (ActiveRecord: 18.7ms)


Started GET "/articles/1" for 127.0.0.1 at 2013-09-18 22:09:16 -0400
Processing by ArticlesController#show as HTML
  Parameters: {"id"=>"1"}
  [1m[35mArticle Load (0.2ms)[0m  SELECT "articles".* FROM "articles" WHERE "articles"."id" = ? LIMIT 1  [["id", "1"]]
  Rendered articles/show.html.erb within layouts/application (24.6ms)
Completed 500 Internal Server Error in 27ms

ActionView::Template::Error (undefined method `category' for #<Article:0x007f8bb6a9e7e8>):
    8: 
    9: <p>
    10:   <b>Category</b>: 
    11:   <%= @article.category.name %>
    12: </p>
    13: 
    14: <div class="form-actions">
  app/views/articles/show.html.erb:11:in `_app_views_articles_show_html_erb__2903377988373288445_70119038846680'


  Rendered /Users/mbove/.rvm/gems/ruby-1.9.3-p362/gems/actionpack-3.2.1/lib/action_dispatch/middleware/templates/rescues/_trace.erb (5.1ms)
  Rendered /Users/mbove/.rvm/gems/ruby-1.9.3-p362/gems/actionpack-3.2.1/lib/action_dispatch/middleware/templates/rescues/_request_and_response.erb (1.1ms)
  Rendered /Users/mbove/.rvm/gems/ruby-1.9.3-p362/gems/actionpack-3.2.1/lib/action_dispatch/middleware/templates/rescues/template_error.erb within rescues/layout (22.3ms)


Started GET "/articles" for 127.0.0.1 at 2013-09-18 22:11:26 -0400
Processing by ArticlesController#index as HTML
  [1m[36mArticle Load (0.2ms)[0m  [1mSELECT "articles".* FROM "articles" ORDER BY title LIMIT 10 OFFSET 0[0m
  [1m[35mCategory Load (0.2ms)[0m  SELECT "categories".* FROM "categories" WHERE "categories"."article_id" = 1 LIMIT 1
SQLite3::SQLException: no such column: categories.article_id: SELECT  "categories".* FROM "categories"  WHERE "categories"."article_id" = 1 LIMIT 1
  Rendered articles/index.html.erb within layouts/application (34.8ms)
Completed 500 Internal Server Error in 37ms

ActionView::Template::Error (SQLite3::SQLException: no such column: categories.article_id: SELECT  "categories".* FROM "categories"  WHERE "categories"."article_id" = 1 LIMIT 1):
    11:     <% @articles.each do |article| %>
    12:       <tr>
    13:         <td><%= link_to article.title, article_path(article) %></td>
    14: 				<td><%= article.category.name %></td>
    15:         <td>
    16:           <%= link_to 'Edit', edit_article_path(article), :class => 'btn btn-mini' %>
    17:           <%= link_to 'Destroy', article_path(article), :method => :delete, :confirm => 'Are you sure?', :class => 'btn btn-mini btn-danger' %>
  app/views/articles/index.html.erb:14:in `block in _app_views_articles_index_html_erb___2572347160155331353_70119036716280'
  app/views/articles/index.html.erb:11:in `_app_views_articles_index_html_erb___2572347160155331353_70119036716280'


  Rendered /Users/mbove/.rvm/gems/ruby-1.9.3-p362/gems/actionpack-3.2.1/lib/action_dispatch/middleware/templates/rescues/_trace.erb (2.9ms)
  Rendered /Users/mbove/.rvm/gems/ruby-1.9.3-p362/gems/actionpack-3.2.1/lib/action_dispatch/middleware/templates/rescues/_request_and_response.erb (0.7ms)
  Rendered /Users/mbove/.rvm/gems/ruby-1.9.3-p362/gems/actionpack-3.2.1/lib/action_dispatch/middleware/templates/rescues/template_error.erb within rescues/layout (5.3ms)


Started GET "/articles" for 127.0.0.1 at 2013-09-18 22:11:28 -0400
Processing by ArticlesController#index as HTML
  [1m[36mArticle Load (0.2ms)[0m  [1mSELECT "articles".* FROM "articles" ORDER BY title LIMIT 10 OFFSET 0[0m
  [1m[35mCategory Load (0.3ms)[0m  SELECT "categories".* FROM "categories" WHERE "categories"."article_id" = 1 LIMIT 1
SQLite3::SQLException: no such column: categories.article_id: SELECT  "categories".* FROM "categories"  WHERE "categories"."article_id" = 1 LIMIT 1
  Rendered articles/index.html.erb within layouts/application (2.7ms)
Completed 500 Internal Server Error in 5ms

ActionView::Template::Error (SQLite3::SQLException: no such column: categories.article_id: SELECT  "categories".* FROM "categories"  WHERE "categories"."article_id" = 1 LIMIT 1):
    11:     <% @articles.each do |article| %>
    12:       <tr>
    13:         <td><%= link_to article.title, article_path(article) %></td>
    14: 				<td><%= article.category.name %></td>
    15:         <td>
    16:           <%= link_to 'Edit', edit_article_path(article), :class => 'btn btn-mini' %>
    17:           <%= link_to 'Destroy', article_path(article), :method => :delete, :confirm => 'Are you sure?', :class => 'btn btn-mini btn-danger' %>
  app/views/articles/index.html.erb:14:in `block in _app_views_articles_index_html_erb___2572347160155331353_70119036716280'
  app/views/articles/index.html.erb:11:in `_app_views_articles_index_html_erb___2572347160155331353_70119036716280'


  Rendered /Users/mbove/.rvm/gems/ruby-1.9.3-p362/gems/actionpack-3.2.1/lib/action_dispatch/middleware/templates/rescues/_trace.erb (2.9ms)
  Rendered /Users/mbove/.rvm/gems/ruby-1.9.3-p362/gems/actionpack-3.2.1/lib/action_dispatch/middleware/templates/rescues/_request_and_response.erb (0.8ms)
  Rendered /Users/mbove/.rvm/gems/ruby-1.9.3-p362/gems/actionpack-3.2.1/lib/action_dispatch/middleware/templates/rescues/template_error.erb within rescues/layout (5.6ms)


Started POST "/articles" for 127.0.0.1 at 2013-09-18 22:11:38 -0400
Processing by ArticlesController#create as HTML
  Parameters: {"utf8"=>"✓", "authenticity_token"=>"/cpwN1x9TuZBZfj6P5RDeTpKOhPBhtZLEExM4GWxatM=", "article"=>{"title"=>"First", "content"=>"Contefjdfl;'asdkfl;'asdfkl;'asdf", "category_id"=>"7", "active"=>"0"}, "commit"=>"Create Article"}
  [1m[36m (0.1ms)[0m  [1mbegin transaction[0m
  [1m[35mSQL (0.5ms)[0m  INSERT INTO "articles" ("active", "category_id", "content", "created_at", "title", "updated_at") VALUES (?, ?, ?, ?, ?, ?)  [["active", false], ["category_id", 7], ["content", "Contefjdfl;'asdkfl;'asdfkl;'asdf"], ["created_at", Wed, 18 Sep 2013 22:11:38 EDT -04:00], ["title", "First"], ["updated_at", Wed, 18 Sep 2013 22:11:38 EDT -04:00]]
  [1m[36m (1.3ms)[0m  [1mcommit transaction[0m
Redirected to http://localhost:3000/articles/2
Completed 302 Found in 6ms (ActiveRecord: 1.8ms)


Started GET "/articles/2" for 127.0.0.1 at 2013-09-18 22:11:38 -0400
Processing by ArticlesController#show as HTML
  Parameters: {"id"=>"2"}
  [1m[35mArticle Load (0.3ms)[0m  SELECT "articles".* FROM "articles" WHERE "articles"."id" = ? LIMIT 1  [["id", "2"]]
  [1m[36mCategory Load (0.2ms)[0m  [1mSELECT "categories".* FROM "categories" WHERE "categories"."article_id" = 2 LIMIT 1[0m
SQLite3::SQLException: no such column: categories.article_id: SELECT  "categories".* FROM "categories"  WHERE "categories"."article_id" = 2 LIMIT 1
  Rendered articles/show.html.erb within layouts/application (1.4ms)
Completed 500 Internal Server Error in 4ms

ActionView::Template::Error (SQLite3::SQLException: no such column: categories.article_id: SELECT  "categories".* FROM "categories"  WHERE "categories"."article_id" = 2 LIMIT 1):
    8: 
    9: <p>
    10:   <b>Category</b>: 
    11:   <%= @article.category.name %>
    12: </p>
    13: 
    14: <div class="form-actions">
  app/views/articles/show.html.erb:11:in `_app_views_articles_show_html_erb__2903377988373288445_70119038846680'


  Rendered /Users/mbove/.rvm/gems/ruby-1.9.3-p362/gems/actionpack-3.2.1/lib/action_dispatch/middleware/templates/rescues/_trace.erb (3.0ms)
  Rendered /Users/mbove/.rvm/gems/ruby-1.9.3-p362/gems/actionpack-3.2.1/lib/action_dispatch/middleware/templates/rescues/_request_and_response.erb (0.9ms)
  Rendered /Users/mbove/.rvm/gems/ruby-1.9.3-p362/gems/actionpack-3.2.1/lib/action_dispatch/middleware/templates/rescues/template_error.erb within rescues/layout (6.0ms)
  [1m[36m (0.1ms)[0m  [1mselect sqlite_version(*)[0m
  [1m[35m (1.7ms)[0m  CREATE TABLE "schema_migrations" ("version" varchar(255) NOT NULL) 
  [1m[36m (0.0ms)[0m  [1mPRAGMA index_list("schema_migrations")[0m
  [1m[35m (1.5ms)[0m  CREATE UNIQUE INDEX "unique_schema_migrations" ON "schema_migrations" ("version")
  [1m[36m (0.1ms)[0m  [1mSELECT "schema_migrations"."version" FROM "schema_migrations" [0m
Migrating to CreateCategories (20120412114632)
  [1m[35m (0.0ms)[0m  begin transaction
  [1m[36m (0.5ms)[0m  [1mCREATE TABLE "categories" ("id" INTEGER PRIMARY KEY AUTOINCREMENT NOT NULL, "name" varchar(255), "active" boolean DEFAULT 't', "created_at" datetime NOT NULL, "updated_at" datetime NOT NULL) [0m
  [1m[35m (0.1ms)[0m  INSERT INTO "schema_migrations" ("version") VALUES ('20120412114632')
  [1m[36m (1.3ms)[0m  [1mcommit transaction[0m
Migrating to CreatePhotos (20120412114739)
  [1m[35m (0.1ms)[0m  begin transaction
  [1m[36m (0.4ms)[0m  [1mCREATE TABLE "photos" ("id" INTEGER PRIMARY KEY AUTOINCREMENT NOT NULL, "caption" varchar(255), "category_id" integer, "active" boolean DEFAULT 't', "created_at" datetime NOT NULL, "updated_at" datetime NOT NULL) [0m
  [1m[35m (0.1ms)[0m  INSERT INTO "schema_migrations" ("version") VALUES ('20120412114739')
  [1m[36m (1.2ms)[0m  [1mcommit transaction[0m
Migrating to CreateProverbs (20120412114804)
  [1m[35m (0.0ms)[0m  begin transaction
  [1m[36m (0.3ms)[0m  [1mCREATE TABLE "proverbs" ("id" INTEGER PRIMARY KEY AUTOINCREMENT NOT NULL, "klingon" varchar(255), "translation" varchar(255), "active" boolean DEFAULT 't', "created_at" datetime NOT NULL, "updated_at" datetime NOT NULL) [0m
  [1m[35m (0.1ms)[0m  INSERT INTO "schema_migrations" ("version") VALUES ('20120412114804')
  [1m[36m (1.5ms)[0m  [1mcommit transaction[0m
Migrating to AddImageToPhotos (20120412125204)
  [1m[35m (0.1ms)[0m  begin transaction
  [1m[36m (16.7ms)[0m  [1mALTER TABLE "photos" ADD "image" varchar(255)[0m
  [1m[35m (0.2ms)[0m  INSERT INTO "schema_migrations" ("version") VALUES ('20120412125204')
  [1m[36m (1.0ms)[0m  [1mcommit transaction[0m
Migrating to CreateArticles (20130919003352)
  [1m[35m (0.0ms)[0m  begin transaction
  [1m[36m (0.5ms)[0m  [1mCREATE TABLE "articles" ("id" INTEGER PRIMARY KEY AUTOINCREMENT NOT NULL, "title" varchar(255), "content" text, "category_id" integer, "active" boolean, "created_at" datetime NOT NULL, "updated_at" datetime NOT NULL) [0m
  [1m[35m (0.1ms)[0m  INSERT INTO "schema_migrations" ("version") VALUES ('20130919003352')
  [1m[36m (1.7ms)[0m  [1mcommit transaction[0m
  [1m[35m (0.4ms)[0m  select sqlite_version(*)
  [1m[36m (0.2ms)[0m  [1mSELECT "schema_migrations"."version" FROM "schema_migrations" [0m
  [1m[35m (0.0ms)[0m  PRAGMA index_list("articles")
  [1m[36m (0.0ms)[0m  [1mPRAGMA index_list("categories")[0m
  [1m[35m (0.0ms)[0m  PRAGMA index_list("photos")
  [1m[36m (0.0ms)[0m  [1mPRAGMA index_list("proverbs")[0m


Started GET "/articles" for 127.0.0.1 at 2013-09-18 22:12:58 -0400
Processing by ArticlesController#index as HTML
  [1m[36mArticle Load (0.2ms)[0m  [1mSELECT "articles".* FROM "articles" ORDER BY title LIMIT 10 OFFSET 0[0m
  Rendered articles/index.html.erb within layouts/application (5.6ms)
  Rendered partials/_footer.html.erb (0.6ms)
Completed 200 OK in 23ms (Views: 22.3ms | ActiveRecord: 0.2ms)


Started GET "/articles/new" for 127.0.0.1 at 2013-09-18 22:13:00 -0400
Processing by ArticlesController#new as HTML
  [1m[35mCategory Load (0.1ms)[0m  SELECT "categories".* FROM "categories" WHERE (active = 't') ORDER BY name
  Rendered articles/_form.html.erb (193.0ms)
  Rendered articles/new.html.erb within layouts/application (194.2ms)
  Rendered partials/_footer.html.erb (0.2ms)
Completed 200 OK in 207ms (Views: 198.8ms | ActiveRecord: 0.3ms)


Started GET "/articles" for 127.0.0.1 at 2013-09-18 22:13:31 -0400
Processing by ArticlesController#index as HTML
  [1m[36mArticle Load (0.2ms)[0m  [1mSELECT "articles".* FROM "articles" ORDER BY title LIMIT 10 OFFSET 0[0m
  Rendered articles/index.html.erb within layouts/application (3.7ms)
  Rendered partials/_footer.html.erb (0.6ms)
Completed 200 OK in 18ms (Views: 17.1ms | ActiveRecord: 0.2ms)


Started GET "/articles" for 127.0.0.1 at 2013-09-18 22:13:32 -0400
Processing by ArticlesController#index as HTML
  [1m[35mArticle Load (0.2ms)[0m  SELECT "articles".* FROM "articles" ORDER BY title LIMIT 10 OFFSET 0
  Rendered articles/index.html.erb within layouts/application (1.1ms)
  Rendered partials/_footer.html.erb (0.5ms)
Completed 200 OK in 8ms (Views: 7.1ms | ActiveRecord: 0.2ms)


Started GET "/articles/new" for 127.0.0.1 at 2013-09-18 22:13:33 -0400
Processing by ArticlesController#new as HTML
  [1m[36mCategory Load (0.1ms)[0m  [1mSELECT "categories".* FROM "categories" WHERE (active = 't') ORDER BY name[0m
  Rendered articles/_form.html.erb (192.2ms)
  Rendered articles/new.html.erb within layouts/application (193.0ms)
  Rendered partials/_footer.html.erb (0.2ms)
Completed 200 OK in 205ms (Views: 197.7ms | ActiveRecord: 0.3ms)


Started POST "/articles" for 127.0.0.1 at 2013-09-18 22:13:42 -0400
Processing by ArticlesController#create as HTML
  Parameters: {"utf8"=>"✓", "authenticity_token"=>"/cpwN1x9TuZBZfj6P5RDeTpKOhPBhtZLEExM4GWxatM=", "article"=>{"title"=>"dfsafd", "content"=>"asdfadsf", "category_id"=>"", "active"=>"0"}, "commit"=>"Create Article"}
  [1m[35m (0.1ms)[0m  begin transaction
  [1m[36mSQL (3.1ms)[0m  [1mINSERT INTO "articles" ("active", "category_id", "content", "created_at", "title", "updated_at") VALUES (?, ?, ?, ?, ?, ?)[0m  [["active", false], ["category_id", nil], ["content", "asdfadsf"], ["created_at", Wed, 18 Sep 2013 22:13:42 EDT -04:00], ["title", "dfsafd"], ["updated_at", Wed, 18 Sep 2013 22:13:42 EDT -04:00]]
  [1m[35m (1.3ms)[0m  commit transaction
Redirected to http://localhost:3000/articles/1
Completed 302 Found in 9ms (ActiveRecord: 4.4ms)


Started GET "/articles/1" for 127.0.0.1 at 2013-09-18 22:13:42 -0400
Processing by ArticlesController#show as HTML
  Parameters: {"id"=>"1"}
  [1m[36mArticle Load (0.2ms)[0m  [1mSELECT "articles".* FROM "articles" WHERE "articles"."id" = ? LIMIT 1[0m  [["id", "1"]]
  [1m[35mCategory Load (0.3ms)[0m  SELECT "categories".* FROM "categories" WHERE "categories"."article_id" = 1 LIMIT 1
SQLite3::SQLException: no such column: categories.article_id: SELECT  "categories".* FROM "categories"  WHERE "categories"."article_id" = 1 LIMIT 1
  Rendered articles/show.html.erb within layouts/application (14.4ms)
Completed 500 Internal Server Error in 17ms

ActionView::Template::Error (SQLite3::SQLException: no such column: categories.article_id: SELECT  "categories".* FROM "categories"  WHERE "categories"."article_id" = 1 LIMIT 1):
    8: 
    9: <p>
    10:   <b>Category</b>: 
    11:   <%= @article.category.name %>
    12: </p>
    13: 
    14: <div class="form-actions">
  app/views/articles/show.html.erb:11:in `_app_views_articles_show_html_erb__96891567186969345_70238564684240'


  Rendered /Users/mbove/.rvm/gems/ruby-1.9.3-p362/gems/actionpack-3.2.1/lib/action_dispatch/middleware/templates/rescues/_trace.erb (21.6ms)
  Rendered /Users/mbove/.rvm/gems/ruby-1.9.3-p362/gems/actionpack-3.2.1/lib/action_dispatch/middleware/templates/rescues/_request_and_response.erb (0.9ms)
  Rendered /Users/mbove/.rvm/gems/ruby-1.9.3-p362/gems/actionpack-3.2.1/lib/action_dispatch/middleware/templates/rescues/template_error.erb within rescues/layout (25.2ms)


Started GET "/articles" for 127.0.0.1 at 2013-09-18 22:13:48 -0400
Processing by ArticlesController#index as HTML
  [1m[36mArticle Load (0.3ms)[0m  [1mSELECT "articles".* FROM "articles" ORDER BY title LIMIT 10 OFFSET 0[0m
  [1m[35mCategory Load (0.4ms)[0m  SELECT "categories".* FROM "categories" WHERE "categories"."article_id" = 1 LIMIT 1
SQLite3::SQLException: no such column: categories.article_id: SELECT  "categories".* FROM "categories"  WHERE "categories"."article_id" = 1 LIMIT 1
  Rendered articles/index.html.erb within layouts/application (3.6ms)
Completed 500 Internal Server Error in 5ms

ActionView::Template::Error (SQLite3::SQLException: no such column: categories.article_id: SELECT  "categories".* FROM "categories"  WHERE "categories"."article_id" = 1 LIMIT 1):
    11:     <% @articles.each do |article| %>
    12:       <tr>
    13:         <td><%= link_to article.title, article_path(article) %></td>
    14: 				<td><%= article.category.name %></td>
    15:         <td>
    16:           <%= link_to 'Edit', edit_article_path(article), :class => 'btn btn-mini' %>
    17:           <%= link_to 'Destroy', article_path(article), :method => :delete, :confirm => 'Are you sure?', :class => 'btn btn-mini btn-danger' %>
  app/views/articles/index.html.erb:14:in `block in _app_views_articles_index_html_erb___1094721243863249859_70238558832400'
  app/views/articles/index.html.erb:11:in `_app_views_articles_index_html_erb___1094721243863249859_70238558832400'


  Rendered /Users/mbove/.rvm/gems/ruby-1.9.3-p362/gems/actionpack-3.2.1/lib/action_dispatch/middleware/templates/rescues/_trace.erb (4.2ms)
  Rendered /Users/mbove/.rvm/gems/ruby-1.9.3-p362/gems/actionpack-3.2.1/lib/action_dispatch/middleware/templates/rescues/_request_and_response.erb (1.0ms)
  Rendered /Users/mbove/.rvm/gems/ruby-1.9.3-p362/gems/actionpack-3.2.1/lib/action_dispatch/middleware/templates/rescues/template_error.erb within rescues/layout (7.9ms)
  [1m[36m (0.1ms)[0m  [1mselect sqlite_version(*)[0m
  [1m[35m (2.0ms)[0m  CREATE TABLE "schema_migrations" ("version" varchar(255) NOT NULL) 
  [1m[36m (0.0ms)[0m  [1mPRAGMA index_list("schema_migrations")[0m
  [1m[35m (0.9ms)[0m  CREATE UNIQUE INDEX "unique_schema_migrations" ON "schema_migrations" ("version")
  [1m[36m (0.1ms)[0m  [1mSELECT "schema_migrations"."version" FROM "schema_migrations" [0m
Migrating to CreateCategories (20120412114632)
  [1m[35m (0.0ms)[0m  begin transaction
  [1m[36m (0.4ms)[0m  [1mCREATE TABLE "categories" ("id" INTEGER PRIMARY KEY AUTOINCREMENT NOT NULL, "name" varchar(255), "active" boolean DEFAULT 't', "created_at" datetime NOT NULL, "updated_at" datetime NOT NULL) [0m
  [1m[35m (0.1ms)[0m  INSERT INTO "schema_migrations" ("version") VALUES ('20120412114632')
  [1m[36m (1.8ms)[0m  [1mcommit transaction[0m
Migrating to CreatePhotos (20120412114739)
  [1m[35m (0.0ms)[0m  begin transaction
  [1m[36m (0.3ms)[0m  [1mCREATE TABLE "photos" ("id" INTEGER PRIMARY KEY AUTOINCREMENT NOT NULL, "caption" varchar(255), "category_id" integer, "active" boolean DEFAULT 't', "created_at" datetime NOT NULL, "updated_at" datetime NOT NULL) [0m
  [1m[35m (0.1ms)[0m  INSERT INTO "schema_migrations" ("version") VALUES ('20120412114739')
  [1m[36m (1.2ms)[0m  [1mcommit transaction[0m
Migrating to CreateProverbs (20120412114804)
  [1m[35m (0.0ms)[0m  begin transaction
  [1m[36m (0.3ms)[0m  [1mCREATE TABLE "proverbs" ("id" INTEGER PRIMARY KEY AUTOINCREMENT NOT NULL, "klingon" varchar(255), "translation" varchar(255), "active" boolean DEFAULT 't', "created_at" datetime NOT NULL, "updated_at" datetime NOT NULL) [0m
  [1m[35m (0.1ms)[0m  INSERT INTO "schema_migrations" ("version") VALUES ('20120412114804')
  [1m[36m (1.2ms)[0m  [1mcommit transaction[0m
Migrating to AddImageToPhotos (20120412125204)
  [1m[35m (0.1ms)[0m  begin transaction
  [1m[36m (0.5ms)[0m  [1mALTER TABLE "photos" ADD "image" varchar(255)[0m
  [1m[35m (0.1ms)[0m  INSERT INTO "schema_migrations" ("version") VALUES ('20120412125204')
  [1m[36m (1.0ms)[0m  [1mcommit transaction[0m
Migrating to CreateArticles (20130919003352)
  [1m[35m (0.0ms)[0m  begin transaction
  [1m[36m (0.3ms)[0m  [1mCREATE TABLE "articles" ("id" INTEGER PRIMARY KEY AUTOINCREMENT NOT NULL, "title" varchar(255), "content" text, "category_id" integer, "active" boolean, "created_at" datetime NOT NULL, "updated_at" datetime NOT NULL) [0m
  [1m[35m (0.1ms)[0m  INSERT INTO "schema_migrations" ("version") VALUES ('20130919003352')
  [1m[36m (1.2ms)[0m  [1mcommit transaction[0m
  [1m[35m (0.3ms)[0m  select sqlite_version(*)
  [1m[36m (0.1ms)[0m  [1mSELECT "schema_migrations"."version" FROM "schema_migrations" [0m
  [1m[35m (0.0ms)[0m  PRAGMA index_list("articles")
  [1m[36m (0.0ms)[0m  [1mPRAGMA index_list("categories")[0m
  [1m[35m (0.0ms)[0m  PRAGMA index_list("photos")
  [1m[36m (0.0ms)[0m  [1mPRAGMA index_list("proverbs")[0m


Started GET "/articles" for 127.0.0.1 at 2013-09-18 22:18:39 -0400
Processing by ArticlesController#index as HTML
  Rendered articles/index.html.erb within layouts/application (6.1ms)
Completed 500 Internal Server Error in 14ms

ActionView::Template::Error (Could not find table 'articles'):
    8:     </tr>
    9:   </thead>
    10:   <tbody>
    11:     <% @articles.each do |article| %>
    12:       <tr>
    13:         <td><%= link_to article.title, article_path(article) %></td>
    14: 				<td><%= article.category.name %></td>
  app/views/articles/index.html.erb:11:in `_app_views_articles_index_html_erb__2288950683548684686_70258849697900'


  Rendered /Users/mbove/.rvm/gems/ruby-1.9.3-p362/gems/actionpack-3.2.1/lib/action_dispatch/middleware/templates/rescues/_trace.erb (2.8ms)
  Rendered /Users/mbove/.rvm/gems/ruby-1.9.3-p362/gems/actionpack-3.2.1/lib/action_dispatch/middleware/templates/rescues/_request_and_response.erb (1.0ms)
  Rendered /Users/mbove/.rvm/gems/ruby-1.9.3-p362/gems/actionpack-3.2.1/lib/action_dispatch/middleware/templates/rescues/template_error.erb within rescues/layout (5.6ms)
  [1m[36m (0.1ms)[0m  [1mselect sqlite_version(*)[0m
  [1m[35m (2.0ms)[0m  CREATE TABLE "schema_migrations" ("version" varchar(255) NOT NULL) 
  [1m[36m (0.0ms)[0m  [1mPRAGMA index_list("schema_migrations")[0m
  [1m[35m (0.9ms)[0m  CREATE UNIQUE INDEX "unique_schema_migrations" ON "schema_migrations" ("version")
  [1m[36m (0.1ms)[0m  [1mSELECT "schema_migrations"."version" FROM "schema_migrations" [0m
Migrating to CreateCategories (20120412114632)
  [1m[35m (0.0ms)[0m  begin transaction
  [1m[36m (0.4ms)[0m  [1mCREATE TABLE "categories" ("id" INTEGER PRIMARY KEY AUTOINCREMENT NOT NULL, "name" varchar(255), "active" boolean DEFAULT 't', "created_at" datetime NOT NULL, "updated_at" datetime NOT NULL) [0m
  [1m[35m (0.1ms)[0m  INSERT INTO "schema_migrations" ("version") VALUES ('20120412114632')
  [1m[36m (3.0ms)[0m  [1mcommit transaction[0m
Migrating to CreatePhotos (20120412114739)
  [1m[35m (0.0ms)[0m  begin transaction
  [1m[36m (0.3ms)[0m  [1mCREATE TABLE "photos" ("id" INTEGER PRIMARY KEY AUTOINCREMENT NOT NULL, "caption" varchar(255), "category_id" integer, "active" boolean DEFAULT 't', "created_at" datetime NOT NULL, "updated_at" datetime NOT NULL) [0m
  [1m[35m (0.1ms)[0m  INSERT INTO "schema_migrations" ("version") VALUES ('20120412114739')
  [1m[36m (1.3ms)[0m  [1mcommit transaction[0m
Migrating to CreateProverbs (20120412114804)
  [1m[35m (0.0ms)[0m  begin transaction
  [1m[36m (0.3ms)[0m  [1mCREATE TABLE "proverbs" ("id" INTEGER PRIMARY KEY AUTOINCREMENT NOT NULL, "klingon" varchar(255), "translation" varchar(255), "active" boolean DEFAULT 't', "created_at" datetime NOT NULL, "updated_at" datetime NOT NULL) [0m
  [1m[35m (0.1ms)[0m  INSERT INTO "schema_migrations" ("version") VALUES ('20120412114804')
  [1m[36m (1.2ms)[0m  [1mcommit transaction[0m
Migrating to AddImageToPhotos (20120412125204)
  [1m[35m (0.0ms)[0m  begin transaction
  [1m[36m (0.3ms)[0m  [1mALTER TABLE "photos" ADD "image" varchar(255)[0m
  [1m[35m (0.1ms)[0m  INSERT INTO "schema_migrations" ("version") VALUES ('20120412125204')
  [1m[36m (0.9ms)[0m  [1mcommit transaction[0m
Migrating to CreateArticles (20130919003352)
  [1m[35m (0.0ms)[0m  begin transaction
  [1m[36m (0.3ms)[0m  [1mCREATE TABLE "articles" ("id" INTEGER PRIMARY KEY AUTOINCREMENT NOT NULL, "title" varchar(255), "content" text, "category_id" integer, "active" boolean, "created_at" datetime NOT NULL, "updated_at" datetime NOT NULL) [0m
  [1m[35m (0.1ms)[0m  INSERT INTO "schema_migrations" ("version") VALUES ('20130919003352')
  [1m[36m (1.3ms)[0m  [1mcommit transaction[0m
  [1m[35m (0.3ms)[0m  select sqlite_version(*)
  [1m[36m (0.1ms)[0m  [1mSELECT "schema_migrations"."version" FROM "schema_migrations" [0m
  [1m[35m (0.0ms)[0m  PRAGMA index_list("articles")
  [1m[36m (0.0ms)[0m  [1mPRAGMA index_list("categories")[0m
  [1m[35m (0.0ms)[0m  PRAGMA index_list("photos")
  [1m[36m (0.0ms)[0m  [1mPRAGMA index_list("proverbs")[0m


Started GET "/articles" for 127.0.0.1 at 2013-09-18 22:18:56 -0400
Processing by ArticlesController#index as HTML
  [1m[36mArticle Load (0.2ms)[0m  [1mSELECT "articles".* FROM "articles" ORDER BY title LIMIT 10 OFFSET 0[0m
  Rendered articles/index.html.erb within layouts/application (5.0ms)
  Rendered partials/_footer.html.erb (0.6ms)
Completed 200 OK in 21ms (Views: 20.1ms | ActiveRecord: 0.2ms)


Started GET "/categories" for 127.0.0.1 at 2013-09-18 22:18:58 -0400
Processing by CategoriesController#index as HTML
  [1m[35mCategory Load (0.2ms)[0m  SELECT "categories".* FROM "categories" ORDER BY name LIMIT 10 OFFSET 0
  Rendered categories/index.html.erb within layouts/application (1.9ms)
  Rendered partials/_footer.html.erb (0.2ms)
Completed 200 OK in 8ms (Views: 7.1ms | ActiveRecord: 0.2ms)


Started GET "/categories/new" for 127.0.0.1 at 2013-09-18 22:18:59 -0400
Processing by CategoriesController#new as HTML
  Rendered categories/_form.html.erb (114.8ms)
  Rendered categories/new.html.erb within layouts/application (116.1ms)
  Rendered partials/_footer.html.erb (0.2ms)
Completed 200 OK in 166ms (Views: 159.1ms | ActiveRecord: 0.0ms)


Started POST "/categories" for 127.0.0.1 at 2013-09-18 22:19:02 -0400
Processing by CategoriesController#create as HTML
  Parameters: {"utf8"=>"✓", "authenticity_token"=>"/cpwN1x9TuZBZfj6P5RDeTpKOhPBhtZLEExM4GWxatM=", "category"=>{"name"=>"adgdfdsfdsaf", "active"=>"1"}, "commit"=>"Create Category"}
  [1m[36m (0.1ms)[0m  [1mbegin transaction[0m
  [1m[35mSQL (3.2ms)[0m  INSERT INTO "categories" ("active", "created_at", "name", "updated_at") VALUES (?, ?, ?, ?)  [["active", true], ["created_at", Wed, 18 Sep 2013 22:19:02 EDT -04:00], ["name", "adgdfdsfdsaf"], ["updated_at", Wed, 18 Sep 2013 22:19:02 EDT -04:00]]
  [1m[36m (10.6ms)[0m  [1mcommit transaction[0m
Redirected to http://localhost:3000/categories/1
Completed 302 Found in 18ms (ActiveRecord: 13.9ms)


Started GET "/categories/1" for 127.0.0.1 at 2013-09-18 22:19:02 -0400
Processing by CategoriesController#show as HTML
  Parameters: {"id"=>"1"}
  [1m[35mCategory Load (0.2ms)[0m  SELECT "categories".* FROM "categories" WHERE "categories"."id" = ? LIMIT 1  [["id", "1"]]
  Rendered categories/show.html.erb within layouts/application (1.6ms)
  Rendered partials/_footer.html.erb (0.5ms)
Completed 200 OK in 30ms (Views: 28.1ms | ActiveRecord: 0.2ms)


Started GET "/articles" for 127.0.0.1 at 2013-09-18 22:19:08 -0400
Processing by ArticlesController#index as HTML
  [1m[36mArticle Load (0.4ms)[0m  [1mSELECT "articles".* FROM "articles" ORDER BY title LIMIT 10 OFFSET 0[0m
  Rendered articles/index.html.erb within layouts/application (1.8ms)
  Rendered partials/_footer.html.erb (0.5ms)
Completed 200 OK in 8ms (Views: 7.3ms | ActiveRecord: 0.4ms)


Started GET "/articles/new" for 127.0.0.1 at 2013-09-18 22:19:10 -0400
Processing by ArticlesController#new as HTML
  [1m[35mCategory Load (0.2ms)[0m  SELECT "categories".* FROM "categories" WHERE (active = 't') ORDER BY name
  Rendered articles/_form.html.erb (60.3ms)
  Rendered articles/new.html.erb within layouts/application (61.2ms)
  Rendered partials/_footer.html.erb (0.2ms)
Completed 200 OK in 97ms (Views: 65.7ms | ActiveRecord: 0.2ms)


Started POST "/articles" for 127.0.0.1 at 2013-09-18 22:19:15 -0400
Processing by ArticlesController#create as HTML
  Parameters: {"utf8"=>"✓", "authenticity_token"=>"/cpwN1x9TuZBZfj6P5RDeTpKOhPBhtZLEExM4GWxatM=", "article"=>{"title"=>"dsf", "content"=>"asdf", "category_id"=>"1", "active"=>"0"}, "commit"=>"Create Article"}
  [1m[36m (0.1ms)[0m  [1mbegin transaction[0m
  [1m[35mSQL (0.7ms)[0m  INSERT INTO "articles" ("active", "category_id", "content", "created_at", "title", "updated_at") VALUES (?, ?, ?, ?, ?, ?)  [["active", false], ["category_id", 1], ["content", "asdf"], ["created_at", Wed, 18 Sep 2013 22:19:15 EDT -04:00], ["title", "dsf"], ["updated_at", Wed, 18 Sep 2013 22:19:15 EDT -04:00]]
  [1m[36m (47.7ms)[0m  [1mcommit transaction[0m
Redirected to http://localhost:3000/articles/1
Completed 302 Found in 53ms (ActiveRecord: 48.5ms)


Started GET "/articles/1" for 127.0.0.1 at 2013-09-18 22:19:15 -0400
Processing by ArticlesController#show as HTML
  Parameters: {"id"=>"1"}
  [1m[35mArticle Load (0.2ms)[0m  SELECT "articles".* FROM "articles" WHERE "articles"."id" = ? LIMIT 1  [["id", "1"]]
  [1m[36mCategory Load (0.3ms)[0m  [1mSELECT "categories".* FROM "categories" WHERE "categories"."article_id" = 1 LIMIT 1[0m
SQLite3::SQLException: no such column: categories.article_id: SELECT  "categories".* FROM "categories"  WHERE "categories"."article_id" = 1 LIMIT 1
  Rendered articles/show.html.erb within layouts/application (32.9ms)
Completed 500 Internal Server Error in 36ms

ActionView::Template::Error (SQLite3::SQLException: no such column: categories.article_id: SELECT  "categories".* FROM "categories"  WHERE "categories"."article_id" = 1 LIMIT 1):
    8: 
    9: <p>
    10:   <b>Category</b>: 
    11:   <%= @article.category.name %>
    12: </p>
    13: 
    14: <div class="form-actions">
  app/views/articles/show.html.erb:11:in `_app_views_articles_show_html_erb___2217067647997712177_70232889921260'


  Rendered /Users/mbove/.rvm/gems/ruby-1.9.3-p362/gems/actionpack-3.2.1/lib/action_dispatch/middleware/templates/rescues/_trace.erb (2.9ms)
  Rendered /Users/mbove/.rvm/gems/ruby-1.9.3-p362/gems/actionpack-3.2.1/lib/action_dispatch/middleware/templates/rescues/_request_and_response.erb (0.8ms)
  Rendered /Users/mbove/.rvm/gems/ruby-1.9.3-p362/gems/actionpack-3.2.1/lib/action_dispatch/middleware/templates/rescues/template_error.erb within rescues/layout (5.7ms)


Started GET "/articles/1" for 127.0.0.1 at 2013-09-18 22:19:52 -0400
Processing by ArticlesController#show as HTML
  Parameters: {"id"=>"1"}
  [1m[35mArticle Load (0.2ms)[0m  SELECT "articles".* FROM "articles" WHERE "articles"."id" = ? LIMIT 1  [["id", "1"]]
  [1m[36mCategory Load (0.2ms)[0m  [1mSELECT "categories".* FROM "categories" WHERE "categories"."article_id" = 1 LIMIT 1[0m
SQLite3::SQLException: no such column: categories.article_id: SELECT  "categories".* FROM "categories"  WHERE "categories"."article_id" = 1 LIMIT 1
  Rendered articles/show.html.erb within layouts/application (7.5ms)
Completed 500 Internal Server Error in 15ms

ActionView::Template::Error (SQLite3::SQLException: no such column: categories.article_id: SELECT  "categories".* FROM "categories"  WHERE "categories"."article_id" = 1 LIMIT 1):
    8: 
    9: <p>
    10:   <b>Category</b>: 
    11:   <%= @article.category.name %>
    12: </p>
    13: 
    14: <div class="form-actions">
  app/views/articles/show.html.erb:11:in `_app_views_articles_show_html_erb___2217067647997712177_70232889921260'


  Rendered /Users/mbove/.rvm/gems/ruby-1.9.3-p362/gems/actionpack-3.2.1/lib/action_dispatch/middleware/templates/rescues/_trace.erb (2.8ms)
  Rendered /Users/mbove/.rvm/gems/ruby-1.9.3-p362/gems/actionpack-3.2.1/lib/action_dispatch/middleware/templates/rescues/_request_and_response.erb (0.8ms)
  Rendered /Users/mbove/.rvm/gems/ruby-1.9.3-p362/gems/actionpack-3.2.1/lib/action_dispatch/middleware/templates/rescues/template_error.erb within rescues/layout (5.3ms)
  [1m[36m (0.1ms)[0m  [1mselect sqlite_version(*)[0m
  [1m[35m (1.6ms)[0m  CREATE TABLE "schema_migrations" ("version" varchar(255) NOT NULL) 
  [1m[36m (0.0ms)[0m  [1mPRAGMA index_list("schema_migrations")[0m
  [1m[35m (0.9ms)[0m  CREATE UNIQUE INDEX "unique_schema_migrations" ON "schema_migrations" ("version")
  [1m[36m (0.1ms)[0m  [1mSELECT "schema_migrations"."version" FROM "schema_migrations" [0m
Migrating to CreateCategories (20120412114632)
  [1m[35m (0.0ms)[0m  begin transaction
  [1m[36m (0.4ms)[0m  [1mCREATE TABLE "categories" ("id" INTEGER PRIMARY KEY AUTOINCREMENT NOT NULL, "name" varchar(255), "active" boolean DEFAULT 't', "created_at" datetime NOT NULL, "updated_at" datetime NOT NULL) [0m
  [1m[35m (0.1ms)[0m  INSERT INTO "schema_migrations" ("version") VALUES ('20120412114632')
  [1m[36m (2.6ms)[0m  [1mcommit transaction[0m
Migrating to CreatePhotos (20120412114739)
  [1m[35m (0.0ms)[0m  begin transaction
  [1m[36m (0.3ms)[0m  [1mCREATE TABLE "photos" ("id" INTEGER PRIMARY KEY AUTOINCREMENT NOT NULL, "caption" varchar(255), "category_id" integer, "active" boolean DEFAULT 't', "created_at" datetime NOT NULL, "updated_at" datetime NOT NULL) [0m
  [1m[35m (0.1ms)[0m  INSERT INTO "schema_migrations" ("version") VALUES ('20120412114739')
  [1m[36m (1.3ms)[0m  [1mcommit transaction[0m
Migrating to CreateProverbs (20120412114804)
  [1m[35m (0.0ms)[0m  begin transaction
  [1m[36m (0.3ms)[0m  [1mCREATE TABLE "proverbs" ("id" INTEGER PRIMARY KEY AUTOINCREMENT NOT NULL, "klingon" varchar(255), "translation" varchar(255), "active" boolean DEFAULT 't', "created_at" datetime NOT NULL, "updated_at" datetime NOT NULL) [0m
  [1m[35m (0.1ms)[0m  INSERT INTO "schema_migrations" ("version") VALUES ('20120412114804')
  [1m[36m (1.2ms)[0m  [1mcommit transaction[0m
Migrating to AddImageToPhotos (20120412125204)
  [1m[35m (0.0ms)[0m  begin transaction
  [1m[36m (0.3ms)[0m  [1mALTER TABLE "photos" ADD "image" varchar(255)[0m
  [1m[35m (0.1ms)[0m  INSERT INTO "schema_migrations" ("version") VALUES ('20120412125204')
  [1m[36m (1.0ms)[0m  [1mcommit transaction[0m
Migrating to CreateArticles (20130919003352)
  [1m[35m (0.0ms)[0m  begin transaction
  [1m[36m (0.3ms)[0m  [1mCREATE TABLE "articles" ("id" INTEGER PRIMARY KEY AUTOINCREMENT NOT NULL, "title" varchar(255), "content" text, "category_id" integer, "active" boolean, "created_at" datetime NOT NULL, "updated_at" datetime NOT NULL) [0m
  [1m[35m (0.1ms)[0m  INSERT INTO "schema_migrations" ("version") VALUES ('20130919003352')
  [1m[36m (1.0ms)[0m  [1mcommit transaction[0m
  [1m[35m (0.3ms)[0m  select sqlite_version(*)
  [1m[36m (0.1ms)[0m  [1mSELECT "schema_migrations"."version" FROM "schema_migrations" [0m
  [1m[35m (0.0ms)[0m  PRAGMA index_list("articles")
  [1m[36m (0.0ms)[0m  [1mPRAGMA index_list("categories")[0m
  [1m[35m (0.0ms)[0m  PRAGMA index_list("photos")
  [1m[36m (0.0ms)[0m  [1mPRAGMA index_list("proverbs")[0m


Started GET "/articles/1" for 127.0.0.1 at 2013-09-18 22:21:17 -0400
Processing by ArticlesController#show as HTML
  Parameters: {"id"=>"1"}
  [1m[35mArticle Load (0.2ms)[0m  SELECT "articles".* FROM "articles" WHERE "articles"."id" = ? LIMIT 1  [["id", "1"]]
Completed 500 Internal Server Error in 1ms

ActiveRecord::RecordNotFound (Couldn't find Article with id=1):
  app/controllers/articles_controller.rb:9:in `show'


  Rendered /Users/mbove/.rvm/gems/ruby-1.9.3-p362/gems/actionpack-3.2.1/lib/action_dispatch/middleware/templates/rescues/_trace.erb (2.6ms)
  Rendered /Users/mbove/.rvm/gems/ruby-1.9.3-p362/gems/actionpack-3.2.1/lib/action_dispatch/middleware/templates/rescues/_request_and_response.erb (1.0ms)
  Rendered /Users/mbove/.rvm/gems/ruby-1.9.3-p362/gems/actionpack-3.2.1/lib/action_dispatch/middleware/templates/rescues/diagnostics.erb within rescues/layout (5.9ms)


Started GET "/articles" for 127.0.0.1 at 2013-09-18 22:21:21 -0400
Processing by ArticlesController#index as HTML
  [1m[36mArticle Load (0.2ms)[0m  [1mSELECT "articles".* FROM "articles" ORDER BY title LIMIT 10 OFFSET 0[0m
  Rendered articles/index.html.erb within layouts/application (1.2ms)
  Rendered partials/_footer.html.erb (0.3ms)
Completed 200 OK in 9ms (Views: 7.5ms | ActiveRecord: 0.2ms)


Started GET "/categories" for 127.0.0.1 at 2013-09-18 22:21:25 -0400
Processing by CategoriesController#index as HTML
  [1m[35mCategory Load (0.2ms)[0m  SELECT "categories".* FROM "categories" ORDER BY name LIMIT 10 OFFSET 0
  Rendered categories/index.html.erb within layouts/application (1.1ms)
  Rendered partials/_footer.html.erb (0.2ms)
Completed 200 OK in 7ms (Views: 6.1ms | ActiveRecord: 0.2ms)


Started GET "/categories/new" for 127.0.0.1 at 2013-09-18 22:21:26 -0400
Processing by CategoriesController#new as HTML
  Rendered categories/_form.html.erb (2.6ms)
  Rendered categories/new.html.erb within layouts/application (3.1ms)
  Rendered partials/_footer.html.erb (0.2ms)
Completed 200 OK in 13ms (Views: 8.0ms | ActiveRecord: 0.0ms)


Started POST "/categories" for 127.0.0.1 at 2013-09-18 22:21:28 -0400
Processing by CategoriesController#create as HTML
  Parameters: {"utf8"=>"✓", "authenticity_token"=>"/cpwN1x9TuZBZfj6P5RDeTpKOhPBhtZLEExM4GWxatM=", "category"=>{"name"=>"asdfa", "active"=>"1"}, "commit"=>"Create Category"}
  [1m[36m (0.1ms)[0m  [1mbegin transaction[0m
  [1m[35mSQL (0.7ms)[0m  INSERT INTO "categories" ("active", "created_at", "name", "updated_at") VALUES (?, ?, ?, ?)  [["active", true], ["created_at", Wed, 18 Sep 2013 22:21:28 EDT -04:00], ["name", "asdfa"], ["updated_at", Wed, 18 Sep 2013 22:21:28 EDT -04:00]]
  [1m[36m (1.1ms)[0m  [1mcommit transaction[0m
Redirected to http://localhost:3000/categories/1
Completed 302 Found in 6ms (ActiveRecord: 1.9ms)


Started GET "/categories/1" for 127.0.0.1 at 2013-09-18 22:21:28 -0400
Processing by CategoriesController#show as HTML
  Parameters: {"id"=>"1"}
  [1m[35mCategory Load (0.3ms)[0m  SELECT "categories".* FROM "categories" WHERE "categories"."id" = ? LIMIT 1  [["id", "1"]]
  Rendered categories/show.html.erb within layouts/application (1.5ms)
  Rendered partials/_footer.html.erb (0.4ms)
Completed 200 OK in 35ms (Views: 32.7ms | ActiveRecord: 0.3ms)


Started GET "/articles" for 127.0.0.1 at 2013-09-18 22:21:34 -0400
Processing by ArticlesController#index as HTML
  [1m[36mArticle Load (0.3ms)[0m  [1mSELECT "articles".* FROM "articles" ORDER BY title LIMIT 10 OFFSET 0[0m
  Rendered articles/index.html.erb within layouts/application (1.6ms)
  Rendered partials/_footer.html.erb (0.2ms)
Completed 200 OK in 8ms (Views: 6.9ms | ActiveRecord: 0.3ms)


Started GET "/articles/new" for 127.0.0.1 at 2013-09-18 22:21:36 -0400
Processing by ArticlesController#new as HTML
  [1m[35mCategory Load (0.2ms)[0m  SELECT "categories".* FROM "categories" WHERE (active = 't') ORDER BY name
  Rendered articles/_form.html.erb (9.0ms)
  Rendered articles/new.html.erb within layouts/application (9.5ms)
  Rendered partials/_footer.html.erb (0.2ms)
Completed 200 OK in 21ms (Views: 14.0ms | ActiveRecord: 0.2ms)


Started POST "/articles" for 127.0.0.1 at 2013-09-18 22:21:41 -0400
Processing by ArticlesController#create as HTML
  Parameters: {"utf8"=>"✓", "authenticity_token"=>"/cpwN1x9TuZBZfj6P5RDeTpKOhPBhtZLEExM4GWxatM=", "article"=>{"title"=>"asdfdaf", "content"=>"asdfasdf", "category_id"=>"1", "active"=>"0"}, "commit"=>"Create Article"}
  [1m[36m (0.1ms)[0m  [1mbegin transaction[0m
  [1m[35mSQL (0.8ms)[0m  INSERT INTO "articles" ("active", "category_id", "content", "created_at", "title", "updated_at") VALUES (?, ?, ?, ?, ?, ?)  [["active", false], ["category_id", 1], ["content", "asdfasdf"], ["created_at", Wed, 18 Sep 2013 22:21:41 EDT -04:00], ["title", "asdfdaf"], ["updated_at", Wed, 18 Sep 2013 22:21:41 EDT -04:00]]
  [1m[36m (14.3ms)[0m  [1mcommit transaction[0m
Redirected to http://localhost:3000/articles/1
Completed 302 Found in 19ms (ActiveRecord: 15.2ms)


Started GET "/articles/1" for 127.0.0.1 at 2013-09-18 22:21:41 -0400
Processing by ArticlesController#show as HTML
  Parameters: {"id"=>"1"}
  [1m[35mArticle Load (0.2ms)[0m  SELECT "articles".* FROM "articles" WHERE "articles"."id" = ? LIMIT 1  [["id", "1"]]
  [1m[36mCategory Load (0.2ms)[0m  [1mSELECT "categories".* FROM "categories" WHERE "categories"."article_id" = 1 LIMIT 1[0m
SQLite3::SQLException: no such column: categories.article_id: SELECT  "categories".* FROM "categories"  WHERE "categories"."article_id" = 1 LIMIT 1
  Rendered articles/show.html.erb within layouts/application (1.7ms)
Completed 500 Internal Server Error in 5ms

ActionView::Template::Error (SQLite3::SQLException: no such column: categories.article_id: SELECT  "categories".* FROM "categories"  WHERE "categories"."article_id" = 1 LIMIT 1):
    8: 
    9: <p>
    10:   <b>Category</b>: 
    11:   <%= @article.category.name %>
    12: </p>
    13: 
    14: <div class="form-actions">
  app/views/articles/show.html.erb:11:in `_app_views_articles_show_html_erb___2217067647997712177_70232889921260'


  Rendered /Users/mbove/.rvm/gems/ruby-1.9.3-p362/gems/actionpack-3.2.1/lib/action_dispatch/middleware/templates/rescues/_trace.erb (3.0ms)
  Rendered /Users/mbove/.rvm/gems/ruby-1.9.3-p362/gems/actionpack-3.2.1/lib/action_dispatch/middleware/templates/rescues/_request_and_response.erb (0.9ms)
  Rendered /Users/mbove/.rvm/gems/ruby-1.9.3-p362/gems/actionpack-3.2.1/lib/action_dispatch/middleware/templates/rescues/template_error.erb within rescues/layout (6.0ms)


Started GET "/articles/1" for 127.0.0.1 at 2013-09-18 22:22:54 -0400
Processing by ArticlesController#show as HTML
  Parameters: {"id"=>"1"}
  [1m[35mArticle Load (0.2ms)[0m  SELECT "articles".* FROM "articles" WHERE "articles"."id" = ? LIMIT 1  [["id", "1"]]
  [1m[36mCategory Load (0.1ms)[0m  [1mSELECT "categories".* FROM "categories" WHERE "categories"."id" = 1 LIMIT 1[0m
  Rendered articles/show.html.erb within layouts/application (74.3ms)
  Rendered partials/_footer.html.erb (0.2ms)
Completed 200 OK in 86ms (Views: 79.2ms | ActiveRecord: 0.6ms)


Started GET "/articles" for 127.0.0.1 at 2013-09-18 22:22:58 -0400
Processing by ArticlesController#index as HTML
  [1m[35mArticle Load (0.3ms)[0m  SELECT "articles".* FROM "articles" ORDER BY title LIMIT 10 OFFSET 0
  [1m[36mCategory Load (0.1ms)[0m  [1mSELECT "categories".* FROM "categories" WHERE "categories"."id" = 1 LIMIT 1[0m
  Rendered articles/index.html.erb within layouts/application (3.8ms)
  Rendered partials/_footer.html.erb (0.4ms)
Completed 200 OK in 13ms (Views: 11.6ms | ActiveRecord: 0.4ms)
